<?xml version="1.0" encoding="UTF-8"?>
<testsuite name="org.forest.web.TreeControllerTest" tests="1" skipped="0" failures="0" errors="0" timestamp="2025-03-17T12:11:39" hostname="LENOVOLEGION" time="0.381">
  <properties/>
  <testcase name="shouldGetATreeById()" classname="org.forest.web.TreeControllerTest" time="0.381"/>
  <system-out><![CDATA[
  .   ____          _            __ _ _
 /\\ / ___'_ __ _ _(_)_ __  __ _ \ \ \ \
( ( )\___ | '_ | '_| | '_ \/ _` | \ \ \ \
 \\/  ___)| |_)| | | | | || (_| |  ) ) ) )
  '  |____| .__|_| |_|_| |_\__, | / / / /
 =========|_|==============|___/=/_/_/_/
 :: Spring Boot ::                (v3.2.4)

2025-03-17T13:11:37.796+01:00  INFO 6504 --- [    Test worker] org.forest.web.TreeControllerTest        : Starting TreeControllerTest using Java 21.0.6 with PID 6504 (started by gaelt in C:\Users\gaelt\OneDrive\Bureau\forestApp-1.0.0-SNAPSHOT\forestApp\forest-app\presentation)
2025-03-17T13:11:37.799+01:00  INFO 6504 --- [    Test worker] org.forest.web.TreeControllerTest        : No active profile set, falling back to 1 default profile: "default"
2025-03-17T13:11:39.736+01:00  INFO 6504 --- [    Test worker] o.s.b.t.m.w.SpringBootMockServletContext : Initializing Spring TestDispatcherServlet ''
2025-03-17T13:11:39.737+01:00  INFO 6504 --- [    Test worker] o.s.t.web.servlet.TestDispatcherServlet  : Initializing Servlet ''
2025-03-17T13:11:39.742+01:00  INFO 6504 --- [    Test worker] o.s.t.web.servlet.TestDispatcherServlet  : Completed initialization in 2 ms
2025-03-17T13:11:39.813+01:00  INFO 6504 --- [    Test worker] org.forest.web.TreeControllerTest        : Started TreeControllerTest in 2.259 seconds (process running for 3.643)
]]></system-out>
  <system-err><![CDATA[WARNING: A Java agent has been loaded dynamically (C:\Users\gaelt\.gradle\caches\modules-2\files-2.1\net.bytebuddy\byte-buddy-agent\1.14.11\f9cb566608fbac6bc7bf54901a7aa11543a989ee\byte-buddy-agent-1.14.11.jar)
WARNING: If a serviceability tool is in use, please run with -XX:+EnableDynamicAgentLoading to hide this warning
WARNING: If a serviceability tool is not in use, please run with -Djdk.instrument.traceUsage for more information
WARNING: Dynamic loading of agents will be disallowed by default in a future release
]]></system-err>
</testsuite>
