<?xml version="1.0" encoding="UTF-8"?>
<testsuite name="org.forest.web.TreeControllerTest" tests="1" skipped="0" failures="0" errors="0" timestamp="2025-03-17T14:13:00" hostname="LENOVOLEGION" time="0.424">
  <properties/>
  <testcase name="shouldGetATreeById()" classname="org.forest.web.TreeControllerTest" time="0.424"/>
  <system-out><![CDATA[
  .   ____          _            __ _ _
 /\\ / ___'_ __ _ _(_)_ __  __ _ \ \ \ \
( ( )\___ | '_ | '_| | '_ \/ _` | \ \ \ \
 \\/  ___)| |_)| | | | | || (_| |  ) ) ) )
  '  |____| .__|_| |_|_| |_\__, | / / / /
 =========|_|==============|___/=/_/_/_/
 :: Spring Boot ::                (v3.2.4)

2025-03-17T15:12:58.081+01:00  INFO 108172 --- [    Test worker] org.forest.web.TreeControllerTest        : Starting TreeControllerTest using Java 21.0.6 with PID 108172 (started by gaelt in C:\Users\gaelt\OneDrive\Bureau\forestApp-1.0.0-SNAPSHOT\forestApp\forest-app\presentation)
2025-03-17T15:12:58.084+01:00  INFO 108172 --- [    Test worker] org.forest.web.TreeControllerTest        : No active profile set, falling back to 1 default profile: "default"
2025-03-17T15:13:00.091+01:00  INFO 108172 --- [    Test worker] o.s.b.t.m.w.SpringBootMockServletContext : Initializing Spring TestDispatcherServlet ''
2025-03-17T15:13:00.091+01:00  INFO 108172 --- [    Test worker] o.s.t.web.servlet.TestDispatcherServlet  : Initializing Servlet ''
2025-03-17T15:13:00.096+01:00  INFO 108172 --- [    Test worker] o.s.t.web.servlet.TestDispatcherServlet  : Completed initialization in 4 ms
2025-03-17T15:13:00.175+01:00  INFO 108172 --- [    Test worker] org.forest.web.TreeControllerTest        : Started TreeControllerTest in 2.355 seconds (process running for 3.792)
]]></system-out>
  <system-err><![CDATA[WARNING: A Java agent has been loaded dynamically (C:\Users\gaelt\.gradle\caches\modules-2\files-2.1\net.bytebuddy\byte-buddy-agent\1.14.11\f9cb566608fbac6bc7bf54901a7aa11543a989ee\byte-buddy-agent-1.14.11.jar)
WARNING: If a serviceability tool is in use, please run with -XX:+EnableDynamicAgentLoading to hide this warning
WARNING: If a serviceability tool is not in use, please run with -Djdk.instrument.traceUsage for more information
WARNING: Dynamic loading of agents will be disallowed by default in a future release
]]></system-err>
</testsuite>
